<?xml version="1.0" encoding="UTF-8"?>
<!-- Generated by org.testng.reporters.JUnitXMLReporter -->
<testsuite ignored="0" hostname="BOOK-NU08U3JFHN" failures="0" tests="5" name="Test" time="44.054" errors="0" timestamp="2025-08-17T17:36:00 IST">
  <testcase classname="testcases.AmazonSearchProductsTest" name="searchForAProduct" time="17.818"/>
  <testcase classname="testcases.AmazonProductDetailsTest" name="verifyProductDetails" time="3.94"/>
  <testcase classname="testcases.AmazonShoppingCartTest" name="goToCart" time="2.906"/>
  <testcase classname="testcases.AmazonLoginTest" name="amazonLogin" time="14.281"/>
  <testcase classname="testcases.AmazonPaymentTest" name="AmazonPaymentDetails" time="4.487"/>
</testsuite> <!-- Test -->
