<?xml version="1.0" encoding="UTF-8"?>
<!-- Generated by org.testng.reporters.JUnitXMLReporter -->
<testsuite ignored="0" hostname="BOOK-NU08U3JFHN" failures="0" tests="2" name="Default test" time="106.373" errors="0" timestamp="2025-08-17T23:11:58 IST">
  <testcase classname="testcases.Task7AmazonAddProductVerify" name="loginAndVerifyUsername" time="7.894"/>
  <testcase classname="testcases.Task7AmazonAddProductVerify" name="addProductsAndVerifyPrice" time="96.659"/>
</testsuite> <!-- Default test -->
